
9월 11, 2017 15:55:37.26 NEW SESSION
9월 11, 2017 15:55:37.26 [9456:9344:0911/155537.266:ERROR:audio_manager_base.cc(261)] Invalid audio output parameters received; using fake audio path. Channels: 0, Sample Rate: 0, Bits Per Sample: 0, Frames Per Buffer: 0
9월 11, 2017 16:06:20.42 [9456:9344:0911/160620.423:ERROR:audio_manager_base.cc(261)] Invalid audio output parameters received; using fake audio path. Channels: 0, Sample Rate: 0, Bits Per Sample: 0, Frames Per Buffer: 0

9월 11, 2017 17:33:52.68 NEW SESSION
9월 11, 2017 17:33:52.68 [13280:2968:0911/173352.686:ERROR:service_manager.cc(142)] Connection InterfaceProviderSpec prevented service: content_browser from binding interface: content::mojom::Child exposed by: nacl_loader
9월 11, 2017 17:33:52.87 [13280:2968:0911/173352.876:ERROR:pnacl_host.cc(436)] TranslationFinished: TranslationID 28,-290099015 not found.
9월 11, 2017 22:49:26.92 [13280:2968:0911/224926.926:ERROR:socket_stream.cc(210)] Closing stream with result -100
9월 12, 2017 09:08:03.95 [13280:11684:0912/090803.949:ERROR:audio_manager_base.cc(261)] Invalid audio output parameters received; using fake audio path. Channels: 0, Sample Rate: 0, Bits Per Sample: 0, Frames Per Buffer: 0
9월 12, 2017 09:08:16.11 [13280:11684:0912/090816.115:ERROR:audio_manager_base.cc(261)] Invalid audio output parameters received; using fake audio path. Channels: 0, Sample Rate: 0, Bits Per Sample: 0, Frames Per Buffer: 0
9월 12, 2017 09:08:46.55 [13280:11684:0912/090846.550:ERROR:audio_manager_base.cc(261)] Invalid audio output parameters received; using fake audio path. Channels: 0, Sample Rate: 0, Bits Per Sample: 0, Frames Per Buffer: 0
9월 12, 2017 09:18:17.26 [13280:11684:0912/091817.268:ERROR:audio_manager_base.cc(261)] Invalid audio output parameters received; using fake audio path. Channels: 0, Sample Rate: 0, Bits Per Sample: 0, Frames Per Buffer: 0
9월 12, 2017 09:18:47.42 [13280:11684:0912/091847.427:ERROR:audio_manager_base.cc(261)] Invalid audio output parameters received; using fake audio path. Channels: 0, Sample Rate: 0, Bits Per Sample: 0, Frames Per Buffer: 0
9월 12, 2017 09:28:18.21 [13280:11684:0912/092818.218:ERROR:audio_manager_base.cc(261)] Invalid audio output parameters received; using fake audio path. Channels: 0, Sample Rate: 0, Bits Per Sample: 0, Frames Per Buffer: 0
9월 12, 2017 09:28:48.58 [13280:11684:0912/092848.580:ERROR:audio_manager_base.cc(261)] Invalid audio output parameters received; using fake audio path. Channels: 0, Sample Rate: 0, Bits Per Sample: 0, Frames Per Buffer: 0
9월 12, 2017 09:38:19.22 [13280:11684:0912/093819.227:ERROR:audio_manager_base.cc(261)] Invalid audio output parameters received; using fake audio path. Channels: 0, Sample Rate: 0, Bits Per Sample: 0, Frames Per Buffer: 0
9월 12, 2017 09:38:43.30 [13280:11684:0912/093843.300:ERROR:audio_manager_base.cc(261)] Invalid audio output parameters received; using fake audio path. Channels: 0, Sample Rate: 0, Bits Per Sample: 0, Frames Per Buffer: 0

9월 14, 2017 10:14:59.63 NEW SESSION
9월 14, 2017 10:14:59.63 [8328:10276:0914/101459.634:ERROR:account_tracker.cc(356)] OnGetTokenFailure: Invalid credentials.
9월 14, 2017 10:14:59.65 [8328:10276:0914/101459.634:ERROR:account_tracker.cc(356)] OnGetTokenFailure: Invalid credentials.
9월 14, 2017 10:37:51.43 [4900:8008:0914/103751.433:ERROR:account_tracker.cc(356)] OnGetTokenFailure: Invalid credentials.
9월 14, 2017 10:37:51.43 [4900:8008:0914/103751.433:ERROR:account_tracker.cc(356)] OnGetTokenFailure: Invalid credentials.
9월 14, 2017 11:34:25.10 [1920:9828:0914/113425.109:ERROR:account_tracker.cc(356)] OnGetTokenFailure: Invalid credentials.
9월 14, 2017 11:34:25.11 [1920:9828:0914/113425.109:ERROR:account_tracker.cc(356)] OnGetTokenFailure: Invalid credentials.

9월 15, 2017 15:23:38.68 NEW SESSION
9월 15, 2017 15:23:38.68 [6604:1104:0915/152338.681:ERROR:cache_util_win.cc(20)] Unable to move the cache: 5
9월 15, 2017 15:23:38.69 [6604:1104:0915/152338.681:ERROR:cache_util.cc(134)] Unable to move cache folder C:\Users\USER\AppData\Local\Google\Chrome\User Data\ShaderCache\GPUCache to C:\Users\USER\AppData\Local\Google\Chrome\User Data\ShaderCache\old_GPUCache_000
9월 15, 2017 15:23:38.71 [6604:1104:0915/152338.681:ERROR:disk_cache.cc(132)] Unable to create cache
9월 15, 2017 15:23:38.72 [6604:1104:0915/152338.681:ERROR:shader_disk_cache.cc(604)] Shader Cache Creation failed: -2
9월 15, 2017 15:23:38.86 [8064:1068:0915/152338.868:ERROR:browser_gpu_channel_host_factory.cc(103)] Failed to launch GPU process.
9월 15, 2017 15:23:39.95 [6604:6952:0915/152339.953:ERROR:account_tracker.cc(356)] OnGetTokenFailure: Invalid credentials.
9월 15, 2017 15:23:39.96 [6604:6952:0915/152339.953:ERROR:account_tracker.cc(356)] OnGetTokenFailure: Invalid credentials.
9월 15, 2017 17:27:06.98 [6604:7508:0915/172706.983:ERROR:audio_manager_base.cc(261)] Invalid audio output parameters received; using fake audio path. Channels: 0, Sample Rate: 0, Bits Per Sample: 0, Frames Per Buffer: 0

9월 18, 2017 09:15:57.76 NEW SESSION
9월 18, 2017 09:15:57.76 [9920:9108:0918/091557.761:ERROR:account_tracker.cc(356)] OnGetTokenFailure: Invalid credentials.
9월 18, 2017 09:15:57.76 [9920:9108:0918/091557.761:ERROR:account_tracker.cc(356)] OnGetTokenFailure: Invalid credentials.
9월 18, 2017 09:45:56.44 [7228:11252:0918/094556.442:ERROR:cache_util_win.cc(20)] Unable to move the cache: 5
9월 18, 2017 09:45:56.44 [7228:11252:0918/094556.442:ERROR:cache_util.cc(134)] Unable to move cache folder C:\Users\USER\AppData\Local\Google\Chrome\User Data\ShaderCache\GPUCache to C:\Users\USER\AppData\Local\Google\Chrome\User Data\ShaderCache\old_GPUCache_000
9월 18, 2017 09:45:56.44 [7228:11252:0918/094556.442:ERROR:disk_cache.cc(132)] Unable to create cache
9월 18, 2017 09:45:56.45 [7228:11252:0918/094556.442:ERROR:shader_disk_cache.cc(604)] Shader Cache Creation failed: -2
9월 18, 2017 09:45:56.61 [7228:11252:0918/094556.614:ERROR:browser_gpu_channel_host_factory.cc(103)] Failed to launch GPU process.
9월 18, 2017 09:45:57.70 [2060:9540:0918/094557.700:ERROR:account_tracker.cc(356)] OnGetTokenFailure: Invalid credentials.
9월 18, 2017 09:45:57.70 [2060:9540:0918/094557.700:ERROR:account_tracker.cc(356)] OnGetTokenFailure: Invalid credentials.
9월 18, 2017 10:00:51.75 [6208:10872:0918/100051.756:ERROR:account_tracker.cc(356)] OnGetTokenFailure: Invalid credentials.
9월 18, 2017 10:00:51.76 [6208:10872:0918/100051.756:ERROR:account_tracker.cc(356)] OnGetTokenFailure: Invalid credentials.
9월 18, 2017 10:49:07.80 [6208:10872:0918/104907.802:ERROR:CONSOLE(412)] "Uncaught (in promise) TypeError: Cannot read property 'indexOf' of null", source: chrome-devtools://devtools/bundled/inspector.js (412)
9월 18, 2017 10:54:58.91 [6208:4804:0918/105458.918:ERROR:audio_manager_base.cc(261)] Invalid audio output parameters received; using fake audio path. Channels: 0, Sample Rate: 0, Bits Per Sample: 0, Frames Per Buffer: 0
9월 18, 2017 10:55:10.72 [6208:10872:0918/105510.727:ERROR:CONSOLE(3163)] "Request Target.setAttachToFrames failed. {"code":-32601,"message":"'Target.setAttachToFrames' wasn't found"}", source: chrome-devtools://devtools/bundled/inspector.js (3163)
9월 18, 2017 10:55:28.24 [6208:10872:0918/105528.246:ERROR:CONSOLE(3163)] "Request Target.setAttachToFrames failed. {"code":-32601,"message":"'Target.setAttachToFrames' wasn't found"}", source: chrome-devtools://devtools/bundled/inspector.js (3163)
9월 18, 2017 10:55:48.83 [6208:10872:0918/105548.838:ERROR:CONSOLE(3163)] "Request Target.setAttachToFrames failed. {"code":-32601,"message":"'Target.setAttachToFrames' wasn't found"}", source: chrome-devtools://devtools/bundled/inspector.js (3163)
9월 18, 2017 11:00:34.42 [6208:10872:0918/110034.426:ERROR:CONSOLE(3163)] "Request Target.setAttachToFrames failed. {"code":-32601,"message":"'Target.setAttachToFrames' wasn't found"}", source: chrome-devtools://devtools/bundled/inspector.js (3163)
9월 18, 2017 11:10:49.36 [6208:10872:0918/111049.363:ERROR:CONSOLE(3163)] "Request Target.setAttachToFrames failed. {"code":-32601,"message":"'Target.setAttachToFrames' wasn't found"}", source: chrome-devtools://devtools/bundled/inspector.js (3163)
9월 18, 2017 11:26:50.12 [6208:10872:0918/112650.125:ERROR:CONSOLE(3163)] "Request Target.setAttachToFrames failed. {"code":-32601,"message":"'Target.setAttachToFrames' wasn't found"}", source: chrome-devtools://devtools/bundled/inspector.js (3163)
9월 18, 2017 12:31:28.79 [6208:10872:0918/123128.799:ERROR:CONSOLE(3163)] "Request Target.setAttachToFrames failed. {"code":-32601,"message":"'Target.setAttachToFrames' wasn't found"}", source: chrome-devtools://devtools/bundled/inspector.js (3163)
9월 18, 2017 13:38:34.82 [6208:10872:0918/133834.829:ERROR:CONSOLE(3163)] "Request Target.setAttachToFrames failed. {"code":-32601,"message":"'Target.setAttachToFrames' wasn't found"}", source: chrome-devtools://devtools/bundled/inspector.js (3163)
9월 18, 2017 13:52:56.51 [6208:10872:0918/135256.518:ERROR:CONSOLE(3163)] "Request Target.setAttachToFrames failed. {"code":-32601,"message":"'Target.setAttachToFrames' wasn't found"}", source: chrome-devtools://devtools/bundled/inspector.js (3163)
9월 18, 2017 13:55:03.06 [6208:4804:0918/135503.063:ERROR:audio_manager_base.cc(261)] Invalid audio output parameters received; using fake audio path. Channels: 0, Sample Rate: 0, Bits Per Sample: 0, Frames Per Buffer: 0
9월 18, 2017 13:55:56.64 [6208:4804:0918/135556.640:ERROR:audio_manager_base.cc(261)] Invalid audio output parameters received; using fake audio path. Channels: 0, Sample Rate: 0, Bits Per Sample: 0, Frames Per Buffer: 0
9월 18, 2017 13:56:57.10 [6208:4804:0918/135657.100:ERROR:audio_manager_base.cc(261)] Invalid audio output parameters received; using fake audio path. Channels: 0, Sample Rate: 0, Bits Per Sample: 0, Frames Per Buffer: 0
9월 18, 2017 13:56:59.30 [6208:4804:0918/135659.307:ERROR:audio_manager_base.cc(261)] Invalid audio output parameters received; using fake audio path. Channels: 0, Sample Rate: 0, Bits Per Sample: 0, Frames Per Buffer: 0
9월 18, 2017 13:57:06.42 [6208:4804:0918/135706.421:ERROR:audio_manager_base.cc(261)] Invalid audio output parameters received; using fake audio path. Channels: 0, Sample Rate: 0, Bits Per Sample: 0, Frames Per Buffer: 0
9월 18, 2017 14:27:51.03 [6208:10872:0918/142751.032:ERROR:CONSOLE(3163)] "Request Target.setAttachToFrames failed. {"code":-32601,"message":"'Target.setAttachToFrames' wasn't found"}", source: chrome-devtools://devtools/bundled/inspector.js (3163)
9월 18, 2017 14:27:55.82 [6208:4804:0918/142755.827:ERROR:audio_manager_base.cc(261)] Invalid audio output parameters received; using fake audio path. Channels: 0, Sample Rate: 0, Bits Per Sample: 0, Frames Per Buffer: 0
9월 18, 2017 14:28:56.15 [6208:4804:0918/142856.151:ERROR:audio_manager_base.cc(261)] Invalid audio output parameters received; using fake audio path. Channels: 0, Sample Rate: 0, Bits Per Sample: 0, Frames Per Buffer: 0
9월 18, 2017 14:29:04.87 [6208:4804:0918/142904.871:ERROR:audio_manager_base.cc(261)] Invalid audio output parameters received; using fake audio path. Channels: 0, Sample Rate: 0, Bits Per Sample: 0, Frames Per Buffer: 0

9월 18, 2017 17:03:56.49 NEW SESSION
9월 18, 2017 17:03:56.49 [9752:3004:0918/170356.491:ERROR:account_tracker.cc(356)] OnGetTokenFailure: Invalid credentials.
9월 18, 2017 17:03:56.52 [9752:3004:0918/170356.491:ERROR:account_tracker.cc(356)] OnGetTokenFailure: Invalid credentials.
9월 18, 2017 17:05:12.20 [2316:10208:0918/170512.202:ERROR:cache_util_win.cc(20)] Unable to move the cache: 5
9월 18, 2017 17:05:12.20 [2316:10208:0918/170512.202:ERROR:cache_util.cc(134)] Unable to move cache folder C:\Users\USER\AppData\Local\Google\Chrome\User Data\ShaderCache\GPUCache to C:\Users\USER\AppData\Local\Google\Chrome\User Data\ShaderCache\old_GPUCache_000
9월 18, 2017 17:05:12.22 [2316:10208:0918/170512.202:ERROR:disk_cache.cc(132)] Unable to create cache
9월 18, 2017 17:05:12.22 [2316:10208:0918/170512.202:ERROR:shader_disk_cache.cc(604)] Shader Cache Creation failed: -2
9월 18, 2017 17:05:12.34 [2316:10208:0918/170512.346:ERROR:browser_gpu_channel_host_factory.cc(103)] Failed to launch GPU process.
9월 18, 2017 17:05:13.49 [10616:7140:0918/170513.493:ERROR:account_tracker.cc(356)] OnGetTokenFailure: Invalid credentials.
9월 18, 2017 17:05:13.49 [10616:7140:0918/170513.493:ERROR:account_tracker.cc(356)] OnGetTokenFailure: Invalid credentials.
9월 18, 2017 17:06:36.40 [12220:8820:0918/170636.400:ERROR:account_tracker.cc(356)] OnGetTokenFailure: Invalid credentials.
9월 18, 2017 17:06:36.49 [12220:8820:0918/170636.400:ERROR:account_tracker.cc(356)] OnGetTokenFailure: Invalid credentials.

9월 18, 2017 17:10:04.01 NEW SESSION
9월 18, 2017 17:10:04.01 [10592:8240:0918/171004.011:ERROR:cache_util_win.cc(20)] Unable to move the cache: 5
9월 18, 2017 17:10:04.01 [10592:8240:0918/171004.012:ERROR:cache_util.cc(134)] Unable to move cache folder C:\Users\USER\AppData\Local\Google\Chrome\User Data\ShaderCache\GPUCache to C:\Users\USER\AppData\Local\Google\Chrome\User Data\ShaderCache\old_GPUCache_000
9월 18, 2017 17:10:04.02 [10592:8240:0918/171004.012:ERROR:disk_cache.cc(132)] Unable to create cache
9월 18, 2017 17:10:04.03 [10592:8240:0918/171004.012:ERROR:shader_disk_cache.cc(604)] Shader Cache Creation failed: -2
9월 18, 2017 17:10:04.27 [10592:8240:0918/171004.276:ERROR:browser_gpu_channel_host_factory.cc(103)] Failed to launch GPU process.
9월 18, 2017 17:10:05.66 [12184:12196:0918/171005.668:ERROR:account_tracker.cc(356)] OnGetTokenFailure: Invalid credentials.
9월 18, 2017 17:10:05.72 [12184:12196:0918/171005.668:ERROR:account_tracker.cc(356)] OnGetTokenFailure: Invalid credentials.
9월 18, 2017 17:11:59.46 [9172:9176:0918/171159.463:ERROR:account_tracker.cc(356)] OnGetTokenFailure: Invalid credentials.
9월 18, 2017 17:11:59.46 [9172:9176:0918/171159.463:ERROR:account_tracker.cc(356)] OnGetTokenFailure: Invalid credentials.
